2022-03-28 09:51:40,560 WARN No file matches via include "/etc/supervisord.d/*.conf"
2022-03-28 09:51:40,566 INFO Set uid to user 0 succeeded
2022-03-28 09:51:40,588 INFO RPC interface 'supervisor' initialized
2022-03-28 09:51:40,597 INFO daemonizing the supervisord process
2022-03-28 09:51:40,609 INFO supervisord started with pid 8
2022-03-28 15:09:52,549 WARN No file matches via include "/etc/supervisord.d/*.conf"
2022-03-28 15:09:52,551 INFO Set uid to user 0 succeeded
2022-03-28 15:09:52,868 INFO RPC interface 'supervisor' initialized
2022-03-28 15:09:52,872 INFO daemonizing the supervisord process
2022-03-28 15:09:52,875 INFO supervisord started with pid 8
2022-03-28 15:13:57,931 WARN No file matches via include "/etc/supervisord.d/*.conf"
2022-03-28 15:13:57,932 INFO Set uid to user 0 succeeded
2022-03-28 15:13:57,945 INFO RPC interface 'supervisor' initialized
2022-03-28 15:13:57,952 INFO daemonizing the supervisord process
2022-03-28 15:13:57,954 INFO supervisord started with pid 10
2022-03-29 09:33:36,037 WARN No file matches via include "/etc/supervisord.d/*.conf"
2022-03-29 09:33:36,039 INFO Set uid to user 0 succeeded
2022-03-29 09:33:36,051 INFO RPC interface 'supervisor' initialized
2022-03-29 09:33:36,056 INFO daemonizing the supervisord process
2022-03-29 09:33:36,059 INFO supervisord started with pid 9
2022-03-29 18:55:32,212 WARN No file matches via include "/etc/supervisord.d/*.conf"
2022-03-29 18:55:32,214 INFO Set uid to user 0 succeeded
2022-03-29 18:55:32,535 INFO RPC interface 'supervisor' initialized
2022-03-29 18:55:32,539 INFO daemonizing the supervisord process
2022-03-29 18:55:32,542 INFO supervisord started with pid 8
2022-04-03 17:47:57,086 WARN No file matches via include "/etc/supervisord.d/*.conf"
2022-04-03 17:47:57,087 INFO Set uid to user 0 succeeded
2022-04-03 17:47:57,093 INFO RPC interface 'supervisor' initialized
2022-04-03 17:47:57,096 INFO daemonizing the supervisord process
2022-04-03 17:47:57,098 INFO supervisord started with pid 9
2022-04-03 17:56:46,605 WARN No file matches via include "/etc/supervisord.d/*.conf"
2022-04-03 17:56:46,606 INFO Set uid to user 0 succeeded
2022-04-03 17:56:46,618 INFO RPC interface 'supervisor' initialized
2022-04-03 17:56:46,623 INFO daemonizing the supervisord process
2022-04-03 17:56:46,628 INFO supervisord started with pid 9
